# JRE version: Java(TM) SE Runtime Environment (8.0_112-b15) (build 1.8.0_112-b15)
# Java VM: Java HotSpot(TM) 64-Bit Server VM (25.112-b15 mixed mode windows-amd64 compressed oops)
Heap:
 PSYoungGen      total 58368K, used 12058K [0x00000007bc400000, 0x00000007c0000000, 0x00000007c0000000)
  eden space 55296K, 19% used [0x00000007bc400000,0x00000007bce455a0,0x00000007bfa00000)
  from space 3072K, 50% used [0x00000007bfa00000,0x00000007bfb812d8,0x00000007bfd00000)
  to   space 3072K, 0% used [0x00000007bfd00000,0x00000007bfd00000,0x00000007c0000000)
 ParOldGen       total 144384K, used 51570K [0x0000000700000000, 0x0000000708d00000, 0x00000007bc400000)
  object space 144384K, 35% used [0x0000000700000000,0x000000070325c870,0x0000000708d00000)
 Metaspace       used 70513K, capacity 71251K, committed 71896K, reserved 1112064K
  class space    used 9500K, capacity 9660K, committed 9728K, reserved 1048576K
GC Heap History (10 events):
Event: 740.893 GC heap before
{Heap before GC invocations=119 (full 20):
 PSYoungGen      total 57856K, used 55168K [0x00000007bc400000, 0x00000007c0000000, 0x00000007c0000000)
  eden space 54272K, 100% used [0x00000007bc400000,0x00000007bf900000,0x00000007bf900000)
  from space 3584K, 25% used [0x00000007bfc80000,0x00000007bfd60000,0x00000007c0000000)
  to   space 3584K, 0% used [0x00000007bf900000,0x00000007bf900000,0x00000007bfc80000)
 ParOldGen       total 144384K, used 51570K [0x0000000700000000, 0x0000000708d00000, 0x00000007bc400000)
  object space 144384K, 35% used [0x0000000700000000,0x000000070325c870,0x0000000708d00000)
 Metaspace       used 70333K, capacity 71117K, committed 71640K, reserved 1112064K
  class space    used 9499K, capacity 9659K, committed 9728K, reserved 1048576K
Event: 740.898 GC heap after
Heap after GC invocations=119 (full 20):
 PSYoungGen      total 57856K, used 960K [0x00000007bc400000, 0x00000007c0000000, 0x00000007c0000000)
  eden space 54272K, 0% used [0x00000007bc400000,0x00000007bc400000,0x00000007bf900000)
  from space 3584K, 26% used [0x00000007bf900000,0x00000007bf9f0000,0x00000007bfc80000)
  to   space 3584K, 0% used [0x00000007bfc80000,0x00000007bfc80000,0x00000007c0000000)
 ParOldGen       total 144384K, used 51570K [0x0000000700000000, 0x0000000708d00000, 0x00000007bc400000)
  object space 144384K, 35% used [0x0000000700000000,0x000000070325c870,0x0000000708d00000)
 Metaspace       used 70333K, capacity 71117K, committed 71640K, reserved 1112064K
  class space    used 9499K, capacity 9659K, committed 9728K, reserved 1048576K
}
Event: 756.229 GC heap before
{Heap before GC invocations=120 (full 20):
 PSYoungGen      total 57856K, used 55232K [0x00000007bc400000, 0x00000007c0000000, 0x00000007c0000000)
  eden space 54272K, 100% used [0x00000007bc400000,0x00000007bf900000,0x00000007bf900000)
  from space 3584K, 26% used [0x00000007bf900000,0x00000007bf9f0000,0x00000007bfc80000)
  to   space 3584K, 0% used [0x00000007bfc80000,0x00000007bfc80000,0x00000007c0000000)
 ParOldGen       total 144384K, used 51570K [0x0000000700000000, 0x0000000708d00000, 0x00000007bc400000)
  object space 144384K, 35% used [0x0000000700000000,0x000000070325c870,0x0000000708d00000)
 Metaspace       used 70361K, capacity 71117K, committed 71640K, reserved 1112064K
  class space    used 9499K, capacity 9659K, committed 9728K, reserved 1048576K
Event: 756.233 GC heap after
Heap after GC invocations=120 (full 20):
 PSYoungGen      total 57856K, used 480K [0x00000007bc400000, 0x00000007c0000000, 0x00000007c0000000)
  eden space 54272K, 0% used [0x00000007bc400000,0x00000007bc400000,0x00000007bf900000)
  from space 3584K, 13% used [0x00000007bfc80000,0x00000007bfcf8000,0x00000007c0000000)
  to   space 3584K, 0% used [0x00000007bf900000,0x00000007bf900000,0x00000007bfc80000)
 ParOldGen       total 144384K, used 51570K [0x0000000700000000, 0x0000000708d00000, 0x00000007bc400000)
  object space 144384K, 35% used [0x0000000700000000,0x000000070325c870,0x0000000708d00000)
 Metaspace       used 70361K, capacity 71117K, committed 71640K, reserved 1112064K
  class space    used 9499K, capacity 9659K, committed 9728K, reserved 1048576K
}
Event: 764.367 GC heap before
{Heap before GC invocations=121 (full 20):
 PSYoungGen      total 57856K, used 54752K [0x00000007bc400000, 0x00000007c0000000, 0x00000007c0000000)
  eden space 54272K, 100% used [0x00000007bc400000,0x00000007bf900000,0x00000007bf900000)
  from space 3584K, 13% used [0x00000007bfc80000,0x00000007bfcf8000,0x00000007c0000000)
  to   space 3584K, 0% used [0x00000007bf900000,0x00000007bf900000,0x00000007bfc80000)
 ParOldGen       total 144384K, used 51570K [0x0000000700000000, 0x0000000708d00000, 0x00000007bc400000)
  object space 144384K, 35% used [0x0000000700000000,0x000000070325c870,0x0000000708d00000)
 Metaspace       used 70401K, capacity 71181K, committed 71640K, reserved 1112064K
  class space    used 9500K, capacity 9659K, committed 9728K, reserved 1048576K
Event: 764.370 GC heap after
Heap after GC invocations=121 (full 20):
 PSYoungGen      total 57856K, used 992K [0x00000007bc400000, 0x00000007c0000000, 0x00000007c0000000)
  eden space 54272K, 0% used [0x00000007bc400000,0x00000007bc400000,0x00000007bf900000)
  from space 3584K, 27% used [0x00000007bf900000,0x00000007bf9f8000,0x00000007bfc80000)
  to   space 3072K, 0% used [0x00000007bfd00000,0x00000007bfd00000,0x00000007c0000000)
 ParOldGen       total 144384K, used 51570K [0x0000000700000000, 0x0000000708d00000, 0x00000007bc400000)
  object space 144384K, 35% used [0x0000000700000000,0x000000070325c870,0x0000000708d00000)
 Metaspace       used 70401K, capacity 71181K, committed 71640K, reserved 1112064K
  class space    used 9500K, capacity 9659K, committed 9728K, reserved 1048576K
}
Event: 770.827 GC heap before
{Heap before GC invocations=122 (full 20):
 PSYoungGen      total 57856K, used 55264K [0x00000007bc400000, 0x00000007c0000000, 0x00000007c0000000)
  eden space 54272K, 100% used [0x00000007bc400000,0x00000007bf900000,0x00000007bf900000)
  from space 3584K, 27% used [0x00000007bf900000,0x00000007bf9f8000,0x00000007bfc80000)
  to   space 3072K, 0% used [0x00000007bfd00000,0x00000007bfd00000,0x00000007c0000000)
 ParOldGen       total 144384K, used 51570K [0x0000000700000000, 0x0000000708d00000, 0x00000007bc400000)
  object space 144384K, 35% used [0x0000000700000000,0x000000070325c870,0x0000000708d00000)
 Metaspace       used 70486K, capacity 71245K, committed 71896K, reserved 1112064K
  class space    used 9500K, capacity 9659K, committed 9728K, reserved 1048576K
Event: 770.831 GC heap after
Heap after GC invocations=122 (full 20):
 PSYoungGen      total 58368K, used 1476K [0x00000007bc400000, 0x00000007c0000000, 0x00000007c0000000)
  eden space 55296K, 0% used [0x00000007bc400000,0x00000007bc400000,0x00000007bfa00000)
  from space 3072K, 48% used [0x00000007bfd00000,0x00000007bfe712d8,0x00000007c0000000)
  to   space 3072K, 0% used [0x00000007bfa00000,0x00000007bfa00000,0x00000007bfd00000)
 ParOldGen       total 144384K, used 51570K [0x0000000700000000, 0x0000000708d00000, 0x00000007bc400000)
  object space 144384K, 35% used [0x0000000700000000,0x000000070325c870,0x0000000708d00000)
 Metaspace       used 70486K, capacity 71245K, committed 71896K, reserved 1112064K
  class space    used 9500K, capacity 9659K, committed 9728K, reserved 1048576K
}
Event: 772.379 GC heap before
{Heap before GC invocations=123 (full 20):
 PSYoungGen      total 58368K, used 56772K [0x00000007bc400000, 0x00000007c0000000, 0x00000007c0000000)
  eden space 55296K, 100% used [0x00000007bc400000,0x00000007bfa00000,0x00000007bfa00000)
  from space 3072K, 48% used [0x00000007bfd00000,0x00000007bfe712d8,0x00000007c0000000)
  to   space 3072K, 0% used [0x00000007bfa00000,0x00000007bfa00000,0x00000007bfd00000)
 ParOldGen       total 144384K, used 51570K [0x0000000700000000, 0x0000000708d00000, 0x00000007bc400000)
  object space 144384K, 35% used [0x0000000700000000,0x000000070325c870,0x0000000708d00000)
 Metaspace       used 70509K, capacity 71251K, committed 71896K, reserved 1112064K
  class space    used 9500K, capacity 9660K, committed 9728K, reserved 1048576K
Event: 772.383 GC heap after
Heap after GC invocations=123 (full 20):
 PSYoungGen      total 58368K, used 1540K [0x00000007bc400000, 0x00000007c0000000, 0x00000007c0000000)
  eden space 55296K, 0% used [0x00000007bc400000,0x00000007bc400000,0x00000007bfa00000)
  from space 3072K, 50% used [0x00000007bfa00000,0x00000007bfb812d8,0x00000007bfd00000)
  to   space 3072K, 0% used [0x00000007bfd00000,0x00000007bfd00000,0x00000007c0000000)
 ParOldGen       total 144384K, used 51570K [0x0000000700000000, 0x0000000708d00000, 0x00000007bc400000)
  object space 144384K, 35% used [0x0000000700000000,0x000000070325c870,0x0000000708d00000)
 Metaspace       used 70509K, capacity 71251K, committed 71896K, reserved 1112064K
  class space    used 9500K, capacity 9660K, committed 9728K, reserved 1048576K
}

